1:package com.buleheart.thinking.code.io;
2:
3:import java.io.BufferedReader;
4:import java.io.FileWriter;
5:import java.io.IOException;
6:import java.io.PrintWriter;
7:import java.io.StringReader;
8:
9:public class BasicFileOutput {
10:	static String file  = "BasicOutput.out";
11:	public static void main(String[] args) throws IOException{
12:		BufferedReader in = new BufferedReader(new StringReader(BufferedInputFile.read(
13:				"D:/work/Thinking_In_Java_Code/src/com/buleheart/thinking/code/io/BasicFileOutput.java")));
14:		PrintWriter out = new PrintWriter(new FileWriter(file));
15:		int lineCount = 1;
16:		String s;
17:		while ((s = in.readLine()) != null)
18:			out.println(lineCount ++  + ":" + s);
19:		out.close();
20:		System.out.println(BufferedInputFile.read(file));
21:	}
22:}
