1:package com.buleheart.thinking.code.io;
2:
3:import java.io.BufferedReader;
4:import java.io.IOException;
5:import java.io.PrintWriter;
6:import java.io.StringReader;
7:
8:public class FileOutputShortcut {
9:	static String file = "FileOutputShortcut.out";
10:	public static void main(String[] args) throws IOException {
11:		BufferedReader in = new BufferedReader(
12:				new StringReader(
13:						BufferedInputFile.read("D:/work/Thinking_In_Java_Code/src/com/buleheart/thinking/code/io/FileOutputShortcut.java")));
14:		PrintWriter out = new PrintWriter(file);
15:		int lineCount = 1;
16:		String s;
17:		while ((s = in.readLine()) != null)
18:			out.println(lineCount++ + ":" + s);
19:		out.close();
20:		System.out.println(BufferedInputFile.read(file));
21:	}
22:}
